<?xml version="1.0" encoding="UTF-8"?>
<!-- Generated by org.testng.reporters.JUnitReportReporter -->
<testsuite hostname="DS-7071BC8FD8F3" name="com.mcdebos.ecash.othercashfunctions.groupsales.TestTaxExemptSales" tests="1" failures="0" timestamp="8 Apr 2016 11:22:33 GMT" time="90.658" errors="0">
  <testcase name="sortTaxExemptSalesDetailsByFieldDisplayedOnTaxExemptSalesPage" time="90.658" classname="com.mcdebos.ecash.othercashfunctions.groupsales.TestTaxExemptSales"/>
</testsuite> <!-- com.mcdebos.ecash.othercashfunctions.groupsales.TestTaxExemptSales -->
